<?xml version="1.0" encoding="UTF-8"?>
<testng-results ignored="0" total="1" passed="1" failed="0" skipped="0">
  <reporter-output>
  </reporter-output>
  <suite started-at="2022-09-02T14:30:52 EDT" name="Default suite" finished-at="2022-09-02T14:30:52 EDT" duration-ms="56">
    <groups>
    </groups>
    <test started-at="2022-09-02T14:30:52 EDT" name="Default test" finished-at="2022-09-02T14:30:52 EDT" duration-ms="56">
      <class name="test.NewTest01">
        <test-method is-config="true" signature="beforeTest()[pri:0, instance:test.NewTest01@61386958]" started-at="2022-09-02T14:30:52 EDT" name="beforeTest" finished-at="2022-09-02T14:30:52 EDT" duration-ms="11" status="PASS">
          <reporter-output>
          </reporter-output>
        </test-method> <!-- beforeTest -->
        <test-method signature="test()[pri:0, instance:test.NewTest01@61386958]" started-at="2022-09-02T14:30:52 EDT" name="test" finished-at="2022-09-02T14:30:52 EDT" duration-ms="5" status="PASS">
          <reporter-output>
          </reporter-output>
        </test-method> <!-- test -->
        <test-method is-config="true" signature="afterTest()[pri:0, instance:test.NewTest01@61386958]" started-at="2022-09-02T14:30:52 EDT" name="afterTest" finished-at="2022-09-02T14:30:52 EDT" duration-ms="0" status="PASS">
          <reporter-output>
          </reporter-output>
        </test-method> <!-- afterTest -->
      </class> <!-- test.NewTest01 -->
    </test> <!-- Default test -->
  </suite> <!-- Default suite -->
</testng-results>
